#
# There is insufficient memory for the Java Runtime Environment to continue.
# Native memory allocation (mmap) failed to map 134217728 bytes for G1 virtual space
# Possible reasons:
#   The system is out of physical RAM or swap space
#   The process is running with CompressedOops enabled, and the Java Heap may be blocking the growth of the native heap
# Possible solutions:
#   Reduce memory load on the system
#   Increase physical memory or swap space
#   Check if swap backing store is full
#   Decrease Java heap size (-Xmx/-Xms)
#   Decrease number of Java threads
#   Decrease Java thread stack sizes (-Xss)
#   Set larger code cache with -XX:ReservedCodeCacheSize=
#   JVM is running with Zero Based Compressed Oops mode in which the Java heap is
#     placed in the first 32GB address space. The Java Heap base address is the
#     maximum limit for the native heap growth. Please use -XX:HeapBaseMinAddress
#     to set the Java Heap base and to place the Java Heap above 32GB virtual address.
# This output file may be truncated or incomplete.
#
#  Out of Memory Error (os_windows.cpp:3550), pid=32660, tid=34204
#
# JRE version: Java(TM) SE Runtime Environment (17.0.7+8) (build 17.0.7+8-LTS-224)
# Java VM: Java HotSpot(TM) 64-Bit Server VM (17.0.7+8-LTS-224, mixed mode, sharing, tiered, compressed oops, compressed class ptrs, g1 gc, windows-amd64)
# No core dump will be written. Minidumps are not enabled by default on client versions of Windows
#

---------------  S U M M A R Y ------------

Command Line: -ea -Dfile.encoding=UTF-8 -XX:+ShowCodeDetailsInExceptionMessages org.testng.remote.RemoteTestNG -serport 61184 -protocol json -d D:\Ashish\Eclipse\RC36.4.0\test-output C:\Users\ASHISH~1\AppData\Local\Temp\testng-eclipse-89036686\testng-customsuite.xml

Host: Intel(R) Core(TM) i5-8265U CPU @ 1.60GHz, 8 cores, 19G,  Windows 11 , 64 bit Build 22621 (10.0.22621.1778)
Time: Thu Jun 22 00:13:11 2023 India Standard Time elapsed time: 41.175491 seconds (0d 0h 0m 41s)

---------------  T H R E A D  ---------------

Current thread (0x0000022f44bb8c00):  VMThread "VM Thread" [stack: 0x0000005eb0f00000,0x0000005eb1000000] [id=34204]

Stack: [0x0000005eb0f00000,0x0000005eb1000000]
Native frames: (J=compiled Java code, j=interpreted, Vv=VM code, C=native code)
V  [jvm.dll+0x676a4a]
V  [jvm.dll+0x7d74f4]
V  [jvm.dll+0x7d8c9e]
V  [jvm.dll+0x7d9303]
V  [jvm.dll+0x2452c5]
V  [jvm.dll+0x6738f9]
V  [jvm.dll+0x668232]
V  [jvm.dll+0x302826]
V  [jvm.dll+0x309da6]
V  [jvm.dll+0x35952e]
V  [jvm.dll+0x35975f]
V  [jvm.dll+0x2d9a38]
V  [jvm.dll+0x2d7e45]
V  [jvm.dll+0x2d744c]
V  [jvm.dll+0x32a40c]
V  [jvm.dll+0x7ddb0b]
V  [jvm.dll+0x7de844]
V  [jvm.dll+0x7ded5d]
V  [jvm.dll+0x7df134]
V  [jvm.dll+0x7df200]
V  [jvm.dll+0x78759a]
V  [jvm.dll+0x675875]
C  [ucrtbase.dll+0x29363]
C  [KERNEL32.DLL+0x126ad]
C  [ntdll.dll+0x5a9f8]

VM_Operation (0x0000005eb09fd5d0): CollectForMetadataAllocation, mode: safepoint, requested by thread 0x0000022f1f94fb70


---------------  P R O C E S S  ---------------

Threads class SMR info:
_java_thread_list=0x0000022f49c2e720, length=28, elements={
0x0000022f1f94fb70, 0x0000022f44bc06b0, 0x0000022f44bc1260, 0x0000022f44bd1400,
0x0000022f44bd1fb0, 0x0000022f44bd5180, 0x0000022f44bddb40, 0x0000022f44be29f0,
0x0000022f44be3490, 0x0000022f44bf7180, 0x0000022f458f1d90, 0x0000022f45908c80,
0x0000022f45fca5c0, 0x0000022f465988b0, 0x0000022f464eff60, 0x0000022f467828b0,
0x0000022f4651d120, 0x0000022f4651d5f0, 0x0000022f48239150, 0x0000022f48238c80,
0x0000022f482382e0, 0x0000022f48239fc0, 0x0000022f4823bca0, 0x0000022f4823a490,
0x0000022f482387b0, 0x0000022f48239af0, 0x0000022f4823a960, 0x0000022f4823ae30
}

Java Threads: ( => current thread )
  0x0000022f1f94fb70 JavaThread "main" [_thread_blocked, id=36376, stack(0x0000005eb0900000,0x0000005eb0a00000)]
  0x0000022f44bc06b0 JavaThread "Reference Handler" daemon [_thread_blocked, id=40600, stack(0x0000005eb1000000,0x0000005eb1100000)]
  0x0000022f44bc1260 JavaThread "Finalizer" daemon [_thread_blocked, id=21416, stack(0x0000005eb1100000,0x0000005eb1200000)]
  0x0000022f44bd1400 JavaThread "Signal Dispatcher" daemon [_thread_blocked, id=41624, stack(0x0000005eb1200000,0x0000005eb1300000)]
  0x0000022f44bd1fb0 JavaThread "Attach Listener" daemon [_thread_blocked, id=41364, stack(0x0000005eb1300000,0x0000005eb1400000)]
  0x0000022f44bd5180 JavaThread "Service Thread" daemon [_thread_blocked, id=34500, stack(0x0000005eb1400000,0x0000005eb1500000)]
  0x0000022f44bddb40 JavaThread "Monitor Deflation Thread" daemon [_thread_blocked, id=36256, stack(0x0000005eb1500000,0x0000005eb1600000)]
  0x0000022f44be29f0 JavaThread "C2 CompilerThread0" daemon [_thread_in_native, id=23896, stack(0x0000005eb1600000,0x0000005eb1700000)]
  0x0000022f44be3490 JavaThread "C1 CompilerThread0" daemon [_thread_blocked, id=8592, stack(0x0000005eb1700000,0x0000005eb1800000)]
  0x0000022f44bf7180 JavaThread "Sweeper thread" daemon [_thread_blocked, id=41180, stack(0x0000005eb1800000,0x0000005eb1900000)]
  0x0000022f458f1d90 JavaThread "Notification Thread" daemon [_thread_blocked, id=38260, stack(0x0000005eb1900000,0x0000005eb1a00000)]
  0x0000022f45908c80 JavaThread "Common-Cleaner" daemon [_thread_blocked, id=33972, stack(0x0000005eb1b00000,0x0000005eb1c00000)]
  0x0000022f45fca5c0 JavaThread "ReaderThread" [_thread_in_native, id=30100, stack(0x0000005eb1e00000,0x0000005eb1f00000)]
  0x0000022f465988b0 JavaThread "ForkJoinPool.commonPool-worker-1" daemon [_thread_blocked, id=30340, stack(0x0000005eb2500000,0x0000005eb2600000)]
  0x0000022f464eff60 JavaThread "ForkJoinPool.commonPool-worker-2" daemon [_thread_blocked, id=6992, stack(0x0000005eb2600000,0x0000005eb2700000)]
  0x0000022f467828b0 JavaThread "ForkJoinPool.commonPool-worker-3" daemon [_thread_blocked, id=31048, stack(0x0000005eb2700000,0x0000005eb2800000)]
  0x0000022f4651d120 JavaThread "ForkJoinPool.commonPool-worker-5" daemon [_thread_blocked, id=29060, stack(0x0000005eb2800000,0x0000005eb2900000)]
  0x0000022f4651d5f0 JavaThread "ForkJoinPool.commonPool-worker-4" daemon [_thread_blocked, id=24096, stack(0x0000005eb2900000,0x0000005eb2a00000)]
  0x0000022f48239150 JavaThread "AsyncHttpClient-1-1" daemon [_thread_blocked, id=37748, stack(0x0000005eb2c00000,0x0000005eb2d00000)]
  0x0000022f48238c80 JavaThread "Exec Default Executor" daemon [_thread_in_native, id=3384, stack(0x0000005eb2b00000,0x0000005eb2c00000)]
  0x0000022f482382e0 JavaThread "Driver Service Executor" daemon [_thread_blocked, id=34620, stack(0x0000005eb2e00000,0x0000005eb2f00000)]
  0x0000022f48239fc0 JavaThread "Driver Service Executor" daemon [_thread_blocked, id=10448, stack(0x0000005eb2f00000,0x0000005eb3000000)]
  0x0000022f4823bca0 JavaThread "UrlChecker-2" daemon [_thread_blocked, id=27984, stack(0x0000005eb3000000,0x0000005eb3100000)]
  0x0000022f4823a490 JavaThread "Exec Stream Pumper" daemon [_thread_in_native, id=33356, stack(0x0000005eb3100000,0x0000005eb3200000)]
  0x0000022f482387b0 JavaThread "Exec Stream Pumper" daemon [_thread_in_native, id=36396, stack(0x0000005eb3200000,0x0000005eb3300000)]
  0x0000022f48239af0 JavaThread "AsyncHttpClient-1-2" daemon [_thread_in_native, id=35436, stack(0x0000005eb3400000,0x0000005eb3500000)]
  0x0000022f4823a960 JavaThread "AsyncHttpClient-1-3" daemon [_thread_in_native, id=31108, stack(0x0000005eb3500000,0x0000005eb3600000)]
  0x0000022f4823ae30 JavaThread "AsyncHttpClient-1-4" daemon [_thread_in_native, id=3668, stack(0x0000005eb3600000,0x0000005eb3700000)]

Other Threads:
=>0x0000022f44bb8c00 VMThread "VM Thread" [stack: 0x0000005eb0f00000,0x0000005eb1000000] [id=34204]
  0x0000022f1f9e05d0 WatcherThread [stack: 0x0000005eb1a00000,0x0000005eb1b00000] [id=33788]
  0x0000022f1f9c5b30 GCTaskThread "GC Thread#0" [stack: 0x0000005eb0a00000,0x0000005eb0b00000] [id=41224]
  0x0000022f46460810 GCTaskThread "GC Thread#1" [stack: 0x0000005eb1f00000,0x0000005eb2000000] [id=41332]
  0x0000022f46465bb0 GCTaskThread "GC Thread#2" [stack: 0x0000005eb2000000,0x0000005eb2100000] [id=16172]
  0x0000022f46466670 GCTaskThread "GC Thread#3" [stack: 0x0000005eb2100000,0x0000005eb2200000] [id=15908]
  0x0000022f4646a930 GCTaskThread "GC Thread#4" [stack: 0x0000005eb2200000,0x0000005eb2300000] [id=28500]
  0x0000022f4646abe0 GCTaskThread "GC Thread#5" [stack: 0x0000005eb2300000,0x0000005eb2400000] [id=2528]
  0x0000022f4646ae90 GCTaskThread "GC Thread#6" [stack: 0x0000005eb2400000,0x0000005eb2500000] [id=35208]
  0x0000022f464bfff0 GCTaskThread "GC Thread#7" [stack: 0x0000005eb2a00000,0x0000005eb2b00000] [id=16260]
  0x0000022f1f9d2650 ConcurrentGCThread "G1 Main Marker" [stack: 0x0000005eb0b00000,0x0000005eb0c00000] [id=41132]
  0x0000022f1f9d3060 ConcurrentGCThread "G1 Conc#0" [stack: 0x0000005eb0c00000,0x0000005eb0d00000] [id=41508]
  0x0000022f46c5c440 ConcurrentGCThread "G1 Conc#1" [stack: 0x0000005eb2d00000,0x0000005eb2e00000] [id=39492]
  0x0000022f1fa0ea10 ConcurrentGCThread "G1 Refine#0" [stack: 0x0000005eb0d00000,0x0000005eb0e00000] [id=41228]
  0x0000022f44a7b910 ConcurrentGCThread "G1 Service" [stack: 0x0000005eb0e00000,0x0000005eb0f00000] [id=40572]

Threads with active compile tasks:
C2 CompilerThread0    41265 4265       4       jdk.internal.jimage.ImageLocation::verify (218 bytes)

VM state: at safepoint (normal execution)

VM Mutex/Monitor currently owned by a thread:  ([mutex/lock_event])
[0x0000022f1f94ae90] Threads_lock - owner thread: 0x0000022f44bb8c00
[0x0000022f1f94afb0] Heap_lock - owner thread: 0x0000022f1f94fb70

Heap address: 0x00000006c2400000, size: 5084 MB, Compressed Oops mode: Zero based, Oop shift amount: 3

CDS archive(s) mapped at: [0x0000000800000000-0x0000000800bd0000-0x0000000800bd0000), size 12386304, SharedBaseAddress: 0x0000000800000000, ArchiveRelocationMode: 0.
Compressed class space mapped at: 0x0000000800c00000-0x0000000840c00000, reserved size: 1073741824
Narrow klass base: 0x0000000800000000, Narrow klass shift: 0, Narrow klass range: 0x100000000

GC Precious Log:
 CPUs: 8 total, 8 available
 Memory: 20325M
 Large Page Support: Disabled
 NUMA Support: Disabled
 Compressed Oops: Enabled (Zero based)
 Heap Region Size: 4M
 Heap Min Capacity: 8M
 Heap Initial Capacity: 320M
 Heap Max Capacity: 5084M
 Pre-touch: Disabled
 Parallel Workers: 8
 Concurrent Workers: 2
 Concurrent Refinement Workers: 8
 Periodic GC: Disabled

Heap:
 garbage-first heap   total 69632K, used 28064K [0x00000006c2400000, 0x0000000800000000)
  region size 4096K, 1 young (4096K), 1 survivors (4096K)
 Metaspace       used 35988K, committed 36288K, reserved 1081344K
  class space    used 4397K, committed 4544K, reserved 1048576K

Heap Regions: E=young(eden), S=young(survivor), O=old, HS=humongous(starts), HC=humongous(continues), CS=collection set, F=free, OA=open archive, CA=closed archive, TAMS=top-at-mark-start (previous, next)
|   0|0x00000006c2400000, 0x00000006c2800000, 0x00000006c2800000|100%| O|  |TAMS 0x00000006c2800000, 0x00000006c2800000| Untracked 
|   1|0x00000006c2800000, 0x00000006c295d800, 0x00000006c2c00000| 34%| O|  |TAMS 0x00000006c2800000, 0x00000006c286a600| Untracked 
|   2|0x00000006c2c00000, 0x00000006c3000000, 0x00000006c3000000|100%|HS|  |TAMS 0x00000006c2c00000, 0x00000006c3000000| Complete 
|   3|0x00000006c3000000, 0x00000006c3400000, 0x00000006c3400000|100%|HC|  |TAMS 0x00000006c3000000, 0x00000006c3400000| Complete 
|   4|0x00000006c3400000, 0x00000006c3800000, 0x00000006c3800000|100%| O|  |TAMS 0x00000006c3400000, 0x00000006c3800000| Untracked 
|   5|0x00000006c3800000, 0x00000006c3c00000, 0x00000006c3c00000|100%| O|  |TAMS 0x00000006c3800000, 0x00000006c3c00000| Untracked 
|   6|0x00000006c3c00000, 0x00000006c4000000, 0x00000006c4000000|100%| O|  |TAMS 0x00000006c3c00000, 0x00000006c4000000| Untracked 
|   7|0x00000006c4000000, 0x00000006c4000000, 0x00000006c4400000|  0%| F|  |TAMS 0x00000006c4000000, 0x00000006c4000000| Untracked 
|   8|0x00000006c4400000, 0x00000006c4400000, 0x00000006c4800000|  0%| F|  |TAMS 0x00000006c4400000, 0x00000006c4400000| Untracked 
|   9|0x00000006c4800000, 0x00000006c4800000, 0x00000006c4c00000|  0%| F|  |TAMS 0x00000006c4800000, 0x00000006c4800000| Untracked 
|  10|0x00000006c4c00000, 0x00000006c4e0aaa8, 0x00000006c5000000| 51%| S|CS|TAMS 0x00000006c4c00000, 0x00000006c4c00000| Complete 
|  11|0x00000006c5000000, 0x00000006c5000000, 0x00000006c5400000|  0%| F|  |TAMS 0x00000006c5000000, 0x00000006c5000000| Untracked 
|  12|0x00000006c5400000, 0x00000006c5400000, 0x00000006c5800000|  0%| F|  |TAMS 0x00000006c5400000, 0x00000006c5400000| Untracked 
|  13|0x00000006c5800000, 0x00000006c5800000, 0x00000006c5c00000|  0%| F|  |TAMS 0x00000006c5800000, 0x00000006c5800000| Untracked 
|  76|0x00000006d5400000, 0x00000006d5400000, 0x00000006d5800000|  0%| F|  |TAMS 0x00000006d5400000, 0x00000006d5400000| Untracked 
|  77|0x00000006d5800000, 0x00000006d5800000, 0x00000006d5c00000|  0%| F|  |TAMS 0x00000006d5800000, 0x00000006d5800000| Untracked 
|  79|0x00000006d6000000, 0x00000006d6000000, 0x00000006d6400000|  0%| F|  |TAMS 0x00000006d6000000, 0x00000006d6000000| Untracked 

Card table byte_map: [0x0000022f36ee0000,0x0000022f378d0000] _byte_map_base: 0x0000022f338ce000

Marking Bits (Prev, Next): (CMBitMap*) 0x0000022f1f9c6180, (CMBitMap*) 0x0000022f1f9c6140
 Prev Bits: [0x0000022f3d230000, 0x0000022f421a0000)
 Next Bits: [0x0000022f382c0000, 0x0000022f3d230000)

Polling page: 0x0000022f1dad0000

Metaspace:

Usage:
  Non-class:     30.85 MB used.
      Class:      4.29 MB used.
       Both:     35.14 MB used.

Virtual space:
  Non-class space:       32.00 MB reserved,      31.00 MB ( 97%) committed,  4 nodes.
      Class space:        1.00 GB reserved,       4.44 MB ( <1%) committed,  1 nodes.
             Both:        1.03 GB reserved,      35.44 MB (  3%) committed. 

Chunk freelists:
   Non-Class:  256.00 KB
       Class:  3.53 MB
        Both:  3.78 MB

MaxMetaspaceSize: unlimited
CompressedClassSpaceSize: 1.00 GB
Initial GC threshold: 21.00 MB
Current GC threshold: 35.44 MB
CDS: on
MetaspaceReclaimPolicy: balanced
 - commit_granule_bytes: 65536.
 - commit_granule_words: 8192.
 - virtual_space_node_default_size: 1048576.
 - enlarge_chunks_in_place: 1.
 - new_chunks_are_fully_committed: 0.
 - uncommit_free_chunks: 1.
 - use_allocation_guard: 0.
 - handle_deallocations: 1.


Internal statistics:

num_allocs_failed_limit: 8.
num_arena_births: 284.
num_arena_deaths: 0.
num_vsnodes_births: 5.
num_vsnodes_deaths: 0.
num_space_committed: 567.
num_space_uncommitted: 0.
num_chunks_returned_to_freelist: 8.
num_chunks_taken_from_freelist: 1328.
num_chunk_merges: 3.
num_chunk_splits: 954.
num_chunks_enlarged: 767.
num_purges: 0.
num_inconsistent_stats: 0.

CodeHeap 'non-profiled nmethods': size=120000Kb used=2173Kb max_used=2173Kb free=117826Kb
 bounds [0x0000022f2ec90000, 0x0000022f2ef00000, 0x0000022f361c0000]
CodeHeap 'profiled nmethods': size=120000Kb used=8315Kb max_used=8315Kb free=111684Kb
 bounds [0x0000022f271c0000, 0x0000022f279e0000, 0x0000022f2e6f0000]
CodeHeap 'non-nmethods': size=5760Kb used=1323Kb max_used=1370Kb free=4436Kb
 bounds [0x0000022f2e6f0000, 0x0000022f2e960000, 0x0000022f2ec90000]
 total_blobs=4917 nmethods=4267 adapters=562
 compilation: enabled
              stopped_count=0, restarted_count=0
 full_count=0

Compilation events (20 events):
Event: 41.033 Thread 0x0000022f44be29f0 4257   !   4       java.lang.invoke.MemberName::getMethodType (211 bytes)
Event: 41.034 Thread 0x0000022f44be3490 nmethod 4256 0x0000022f279d6810 code [0x0000022f279d6c60, 0x0000022f279d90c8]
Event: 41.036 Thread 0x0000022f44be3490 4258       3       java.lang.Long::hashCode (8 bytes)
Event: 41.036 Thread 0x0000022f44be3490 nmethod 4258 0x0000022f279d9f90 code [0x0000022f279da120, 0x0000022f279da268]
Event: 41.036 Thread 0x0000022f44be3490 4259       3       java.lang.Long::hashCode (8 bytes)
Event: 41.037 Thread 0x0000022f44be3490 nmethod 4259 0x0000022f279da310 code [0x0000022f279da4a0, 0x0000022f279da598]
Event: 41.042 Thread 0x0000022f44be29f0 nmethod 4257 0x0000022f2eeac290 code [0x0000022f2eeac460, 0x0000022f2eeacb08]
Event: 41.042 Thread 0x0000022f44be29f0 4261   !   4       java.util.concurrent.ConcurrentHashMap::putVal (432 bytes)
Event: 41.043 Thread 0x0000022f44be3490 4263       3       java.lang.Long::valueOf (40 bytes)
Event: 41.043 Thread 0x0000022f44be3490 nmethod 4263 0x0000022f279da610 code [0x0000022f279da7c0, 0x0000022f279dab18]
Event: 41.051 Thread 0x0000022f44be3490 4264       3       java.lang.String::startsWith (138 bytes)
Event: 41.052 Thread 0x0000022f44be3490 nmethod 4264 0x0000022f279dac90 code [0x0000022f279daea0, 0x0000022f279db738]
Event: 41.081 Thread 0x0000022f44be29f0 nmethod 4261 0x0000022f2eead290 code [0x0000022f2eead4a0, 0x0000022f2eeaeb48]
Event: 41.081 Thread 0x0000022f44be29f0 4265       4       jdk.internal.jimage.ImageLocation::verify (218 bytes)
Event: 41.150 Thread 0x0000022f44be3490 4267       3       java.util.TreeMap::rotateLeft (96 bytes)
Event: 41.151 Thread 0x0000022f44be3490 nmethod 4267 0x0000022f279dba10 code [0x0000022f279dbbe0, 0x0000022f279dc158]
Event: 41.151 Thread 0x0000022f44be3490 4268       3       freemarker.template.Template$LineTableBuilder::handleChar (202 bytes)
Event: 41.155 Thread 0x0000022f44be3490 nmethod 4268 0x0000022f279dc290 code [0x0000022f279dc640, 0x0000022f279ddff8]
Event: 41.155 Thread 0x0000022f44be3490 4269       3       freemarker.core.FMParserTokenManager::jjCheckNAdd (41 bytes)
Event: 41.156 Thread 0x0000022f44be3490 nmethod 4269 0x0000022f279dea10 code [0x0000022f279deba0, 0x0000022f279ded58]

GC Heap History (20 events):
Event: 1.951 GC heap after
{Heap after GC invocations=3 (full 0):
 garbage-first heap   total 327680K, used 14180K [0x00000006c2400000, 0x0000000800000000)
  region size 4096K, 2 young (8192K), 2 survivors (8192K)
 Metaspace       used 19709K, committed 20032K, reserved 1073152K
  class space    used 2335K, committed 2496K, reserved 1048576K
}
Event: 2.024 GC heap before
{Heap before GC invocations=3 (full 0):
 garbage-first heap   total 327680K, used 18276K [0x00000006c2400000, 0x0000000800000000)
  region size 4096K, 4 young (16384K), 2 survivors (8192K)
 Metaspace       used 21242K, committed 21504K, reserved 1073152K
  class space    used 2517K, committed 2688K, reserved 1048576K
}
Event: 2.027 GC heap after
{Heap after GC invocations=4 (full 0):
 garbage-first heap   total 327680K, used 14899K [0x00000006c2400000, 0x0000000800000000)
  region size 4096K, 2 young (8192K), 2 survivors (8192K)
 Metaspace       used 21242K, committed 21504K, reserved 1073152K
  class space    used 2517K, committed 2688K, reserved 1048576K
}
Event: 7.106 GC heap before
{Heap before GC invocations=5 (full 0):
 garbage-first heap   total 69632K, used 47667K [0x00000006c2400000, 0x0000000800000000)
  region size 4096K, 9 young (36864K), 2 survivors (8192K)
 Metaspace       used 27124K, committed 27392K, reserved 1073152K
  class space    used 3375K, committed 3520K, reserved 1048576K
}
Event: 7.113 GC heap after
{Heap after GC invocations=6 (full 0):
 garbage-first heap   total 69632K, used 24999K [0x00000006c2400000, 0x0000000800000000)
  region size 4096K, 1 young (4096K), 1 survivors (4096K)
 Metaspace       used 27124K, committed 27392K, reserved 1073152K
  class space    used 3375K, committed 3520K, reserved 1048576K
}
Event: 27.702 GC heap before
{Heap before GC invocations=6 (full 0):
 garbage-first heap   total 69632K, used 24999K [0x00000006c2400000, 0x0000000800000000)
  region size 4096K, 2 young (8192K), 1 survivors (4096K)
 Metaspace       used 27439K, committed 27776K, reserved 1073152K
  class space    used 3397K, committed 3584K, reserved 1048576K
}
Event: 27.709 GC heap after
{Heap after GC invocations=7 (full 0):
 garbage-first heap   total 69632K, used 25257K [0x00000006c2400000, 0x0000000800000000)
  region size 4096K, 1 young (4096K), 1 survivors (4096K)
 Metaspace       used 27439K, committed 27776K, reserved 1073152K
  class space    used 3397K, committed 3584K, reserved 1048576K
}
Event: 34.024 GC heap before
{Heap before GC invocations=7 (full 0):
 garbage-first heap   total 69632K, used 45737K [0x00000006c2400000, 0x0000000800000000)
  region size 4096K, 6 young (24576K), 1 survivors (4096K)
 Metaspace       used 27787K, committed 28160K, reserved 1081344K
  class space    used 3416K, committed 3584K, reserved 1048576K
}
Event: 34.029 GC heap after
{Heap after GC invocations=8 (full 0):
 garbage-first heap   total 69632K, used 25993K [0x00000006c2400000, 0x0000000800000000)
  region size 4096K, 1 young (4096K), 1 survivors (4096K)
 Metaspace       used 27787K, committed 28160K, reserved 1081344K
  class space    used 3416K, committed 3584K, reserved 1048576K
}
Event: 36.952 GC heap before
{Heap before GC invocations=8 (full 0):
 garbage-first heap   total 69632K, used 42377K [0x00000006c2400000, 0x0000000800000000)
  region size 4096K, 5 young (20480K), 1 survivors (4096K)
 Metaspace       used 27881K, committed 28224K, reserved 1081344K
  class space    used 3416K, committed 3584K, reserved 1048576K
}
Event: 36.955 GC heap after
{Heap after GC invocations=9 (full 0):
 garbage-first heap   total 69632K, used 25572K [0x00000006c2400000, 0x0000000800000000)
  region size 4096K, 1 young (4096K), 1 survivors (4096K)
 Metaspace       used 27881K, committed 28224K, reserved 1081344K
  class space    used 3416K, committed 3584K, reserved 1048576K
}
Event: 39.399 GC heap before
{Heap before GC invocations=9 (full 0):
 garbage-first heap   total 69632K, used 41956K [0x00000006c2400000, 0x0000000800000000)
  region size 4096K, 6 young (24576K), 1 survivors (4096K)
 Metaspace       used 30051K, committed 30400K, reserved 1081344K
  class space    used 3643K, committed 3840K, reserved 1048576K
}
Event: 39.403 GC heap after
{Heap after GC invocations=10 (full 0):
 garbage-first heap   total 69632K, used 25958K [0x00000006c2400000, 0x0000000800000000)
  region size 4096K, 1 young (4096K), 1 survivors (4096K)
 Metaspace       used 30051K, committed 30400K, reserved 1081344K
  class space    used 3643K, committed 3840K, reserved 1048576K
}
Event: 39.782 GC heap before
{Heap before GC invocations=10 (full 0):
 garbage-first heap   total 69632K, used 46438K [0x00000006c2400000, 0x0000000800000000)
  region size 4096K, 6 young (24576K), 1 survivors (4096K)
 Metaspace       used 32263K, committed 32640K, reserved 1081344K
  class space    used 3929K, committed 4096K, reserved 1048576K
}
Event: 39.786 GC heap after
{Heap after GC invocations=11 (full 0):
 garbage-first heap   total 69632K, used 26204K [0x00000006c2400000, 0x0000000800000000)
  region size 4096K, 1 young (4096K), 1 survivors (4096K)
 Metaspace       used 32263K, committed 32640K, reserved 1081344K
  class space    used 3929K, committed 4096K, reserved 1048576K
}
Event: 39.809 GC heap before
{Heap before GC invocations=11 (full 0):
 garbage-first heap   total 69632K, used 46684K [0x00000006c2400000, 0x0000000800000000)
  region size 4096K, 6 young (24576K), 1 survivors (4096K)
 Metaspace       used 32263K, committed 32640K, reserved 1081344K
  class space    used 3929K, committed 4096K, reserved 1048576K
}
Event: 39.813 GC heap after
{Heap after GC invocations=12 (full 0):
 garbage-first heap   total 69632K, used 26839K [0x00000006c2400000, 0x0000000800000000)
  region size 4096K, 1 young (4096K), 1 survivors (4096K)
 Metaspace       used 32263K, committed 32640K, reserved 1081344K
  class space    used 3929K, committed 4096K, reserved 1048576K
}
Event: 40.269 GC heap before
{Heap before GC invocations=12 (full 0):
 garbage-first heap   total 69632K, used 43223K [0x00000006c2400000, 0x0000000800000000)
  region size 4096K, 6 young (24576K), 1 survivors (4096K)
 Metaspace       used 34727K, committed 35072K, reserved 1081344K
  class space    used 4263K, committed 4416K, reserved 1048576K
}
Event: 40.274 GC heap after
{Heap after GC invocations=13 (full 0):
 garbage-first heap   total 69632K, used 27734K [0x00000006c2400000, 0x0000000800000000)
  region size 4096K, 1 young (4096K), 1 survivors (4096K)
 Metaspace       used 34727K, committed 35072K, reserved 1081344K
  class space    used 4263K, committed 4416K, reserved 1048576K
}
Event: 41.157 GC heap before
{Heap before GC invocations=13 (full 0):
 garbage-first heap   total 69632K, used 40022K [0x00000006c2400000, 0x0000000800000000)
  region size 4096K, 6 young (24576K), 1 survivors (4096K)
 Metaspace       used 35988K, committed 36288K, reserved 1081344K
  class space    used 4397K, committed 4544K, reserved 1048576K
}

Deoptimization events (20 events):
Event: 41.040 Thread 0x0000022f1f94fb70 Uncommon trap: trap_request=0xffffffde fr.pc=0x0000022f2ee52118 relative=0x00000000000001d8
Event: 41.040 Thread 0x0000022f1f94fb70 Uncommon trap: reason=class_check action=maybe_recompile pc=0x0000022f2ee52118 method=java.util.stream.ReferencePipeline.collect(Ljava/util/stream/Collector;)Ljava/lang/Object; @ 99 c2
Event: 41.040 Thread 0x0000022f1f94fb70 DEOPT PACKING pc=0x0000022f2ee52118 sp=0x0000005eb09fe410
Event: 41.040 Thread 0x0000022f1f94fb70 DEOPT UNPACKING pc=0x0000022f2e7423a3 sp=0x0000005eb09fe3a8 mode 2
Event: 41.040 Thread 0x0000022f1f94fb70 Uncommon trap: trap_request=0xffffffde fr.pc=0x0000022f2ee4dfa0 relative=0x0000000000000860
Event: 41.040 Thread 0x0000022f1f94fb70 Uncommon trap: reason=class_check action=maybe_recompile pc=0x0000022f2ee4dfa0 method=java.util.stream.ReduceOps$3.getOpFlags()I @ 12 c2
Event: 41.040 Thread 0x0000022f1f94fb70 DEOPT PACKING pc=0x0000022f2ee4dfa0 sp=0x0000005eb09fe370
Event: 41.040 Thread 0x0000022f1f94fb70 DEOPT UNPACKING pc=0x0000022f2e7423a3 sp=0x0000005eb09fe2f0 mode 2
Event: 41.040 Thread 0x0000022f1f94fb70 Uncommon trap: trap_request=0xffffffde fr.pc=0x0000022f2ee52118 relative=0x00000000000001d8
Event: 41.040 Thread 0x0000022f1f94fb70 Uncommon trap: reason=class_check action=maybe_recompile pc=0x0000022f2ee52118 method=java.util.stream.ReferencePipeline.collect(Ljava/util/stream/Collector;)Ljava/lang/Object; @ 99 c2
Event: 41.040 Thread 0x0000022f1f94fb70 DEOPT PACKING pc=0x0000022f2ee52118 sp=0x0000005eb09fe410
Event: 41.040 Thread 0x0000022f1f94fb70 DEOPT UNPACKING pc=0x0000022f2e7423a3 sp=0x0000005eb09fe3a8 mode 2
Event: 41.051 Thread 0x0000022f1f94fb70 Uncommon trap: trap_request=0xffffff45 fr.pc=0x0000022f2ed5c040 relative=0x0000000000000220
Event: 41.051 Thread 0x0000022f1f94fb70 Uncommon trap: reason=unstable_if action=reinterpret pc=0x0000022f2ed5c040 method=java.lang.String.startsWith(Ljava/lang/String;I)Z @ 99 c2
Event: 41.051 Thread 0x0000022f1f94fb70 DEOPT PACKING pc=0x0000022f2ed5c040 sp=0x0000005eb09fd400
Event: 41.051 Thread 0x0000022f1f94fb70 DEOPT UNPACKING pc=0x0000022f2e7423a3 sp=0x0000005eb09fd300 mode 2
Event: 41.051 Thread 0x0000022f1f94fb70 Uncommon trap: trap_request=0xffffff45 fr.pc=0x0000022f2ed597bc relative=0x000000000000021c
Event: 41.051 Thread 0x0000022f1f94fb70 Uncommon trap: reason=unstable_if action=reinterpret pc=0x0000022f2ed597bc method=java.lang.String.startsWith(Ljava/lang/String;I)Z @ 55 c2
Event: 41.051 Thread 0x0000022f1f94fb70 DEOPT PACKING pc=0x0000022f2ed597bc sp=0x0000005eb09fd390
Event: 41.051 Thread 0x0000022f1f94fb70 DEOPT UNPACKING pc=0x0000022f2e7423a3 sp=0x0000005eb09fd300 mode 2

Classes unloaded (0 events):
No events

Classes redefined (0 events):
No events

Internal exceptions (20 events):
Event: 3.591 Thread 0x0000022f1f94fb70 Exception <a 'java/lang/ClassNotFoundException'{0x00000006c4510950}: sun/util/logging/resources/spi/loggingProvider> (0x00000006c4510950) 
thrown [s\open\src\hotspot\share\classfile\systemDictionary.cpp, line 256]
Event: 27.736 Thread 0x0000022f1f94fb70 Exception <a 'sun/nio/fs/WindowsException'{0x00000006d62c5ca0}> (0x00000006d62c5ca0) 
thrown [s\open\src\hotspot\share\prims\jni.cpp, line 516]
Event: 27.748 Thread 0x0000022f1f94fb70 Exception <a 'sun/nio/fs/WindowsException'{0x00000006d62d75d0}> (0x00000006d62d75d0) 
thrown [s\open\src\hotspot\share\prims\jni.cpp, line 516]
Event: 28.574 Thread 0x0000022f1f94fb70 Exception <a 'sun/nio/fs/WindowsException'{0x00000006d5610390}> (0x00000006d5610390) 
thrown [s\open\src\hotspot\share\prims\jni.cpp, line 516]
Event: 28.576 Thread 0x0000022f1f94fb70 Exception <a 'sun/nio/fs/WindowsException'{0x00000006d56107b8}> (0x00000006d56107b8) 
thrown [s\open\src\hotspot\share\prims\jni.cpp, line 516]
Event: 39.089 Thread 0x0000022f1f94fb70 Exception <a 'sun/nio/fs/WindowsException'{0x00000006d5702490}> (0x00000006d5702490) 
thrown [s\open\src\hotspot\share\prims\jni.cpp, line 516]
Event: 39.093 Thread 0x0000022f1f94fb70 Exception <a 'sun/nio/fs/WindowsException'{0x00000006d57028a8}> (0x00000006d57028a8) 
thrown [s\open\src\hotspot\share\prims\jni.cpp, line 516]
Event: 39.256 Thread 0x0000022f1f94fb70 Exception <a 'java/lang/NoSuchMethodError'{0x00000006c51497e8}: 'void java.lang.invoke.DirectMethodHandle$Holder.invokeVirtual(java.lang.Object, java.lang.Object, java.lang.Object, java.lang.Object)'> (0x00000006c51497e8) 
thrown [s\open\src\hotspot\share\interpreter\linkResolver.cpp, line 759]
Event: 39.266 Thread 0x0000022f1f94fb70 Exception <a 'java/lang/NoSuchMethodError'{0x00000006c517b710}: 'void java.lang.invoke.DirectMethodHandle$Holder.invokeStatic(java.lang.Object, java.lang.Object, java.lang.Object, int)'> (0x00000006c517b710) 
thrown [s\open\src\hotspot\share\interpreter\linkResolver.cpp, line 759]
Event: 39.267 Thread 0x0000022f1f94fb70 Exception <a 'java/lang/NoSuchMethodError'{0x00000006c517ee78}: 'void java.lang.invoke.DirectMethodHandle$Holder.invokeStaticInit(java.lang.Object, java.lang.Object, java.lang.Object, int)'> (0x00000006c517ee78) 
thrown [s\open\src\hotspot\share\interpreter\linkResolver.cpp, line 759]
Event: 39.382 Thread 0x0000022f1f94fb70 Implicit null exception at 0x0000022f2ed785d5 to 0x0000022f2ed786c0
Event: 39.394 Thread 0x0000022f1f94fb70 Exception <a 'java/lang/NoSuchMethodError'{0x00000006c53df098}: 'java.lang.Object java.lang.invoke.DirectMethodHandle$Holder.invokeStaticInit(java.lang.Object, java.lang.Object, java.lang.Object)'> (0x00000006c53df098) 
thrown [s\open\src\hotspot\share\interpreter\linkResolver.cpp, line 759]
Event: 39.395 Thread 0x0000022f1f94fb70 Exception <a 'java/lang/NoSuchMethodError'{0x00000006c53e5428}: 'java.lang.Object java.lang.invoke.DirectMethodHandle$Holder.invokeStatic(java.lang.Object, java.lang.Object, int, int)'> (0x00000006c53e5428) 
thrown [s\open\src\hotspot\share\interpreter\linkResolver.cpp, line 759]
Event: 39.396 Thread 0x0000022f1f94fb70 Exception <a 'java/lang/NoSuchMethodError'{0x00000006c53e8ea0}: 'java.lang.Object java.lang.invoke.DirectMethodHandle$Holder.invokeStaticInit(java.lang.Object, java.lang.Object, int, int)'> (0x00000006c53e8ea0) 
thrown [s\open\src\hotspot\share\interpreter\linkResolver.cpp, line 759]
Event: 39.619 Thread 0x0000022f1f94fb70 Implicit null exception at 0x0000022f2ed34d60 to 0x0000022f2ed35800
Event: 40.204 Thread 0x0000022f1f94fb70 Exception <a 'java/lang/NoSuchMethodError'{0x00000006c564c120}: 'java.lang.Object java.lang.invoke.DirectMethodHandle$Holder.invokeVirtual(java.lang.Object, java.lang.Object, int)'> (0x00000006c564c120) 
thrown [s\open\src\hotspot\share\interpreter\linkResolver.cpp, line 759]
Event: 40.206 Thread 0x0000022f1f94fb70 Exception <a 'java/lang/NoSuchMethodError'{0x00000006c5653570}: 'void java.lang.invoke.DirectMethodHandle$Holder.invokeVirtual(java.lang.Object, java.lang.Object, int, java.lang.Object)'> (0x00000006c5653570) 
thrown [s\open\src\hotspot\share\interpreter\linkResolver.cpp, line 759]
Event: 40.207 Thread 0x0000022f1f94fb70 Exception <a 'java/lang/NoSuchMethodError'{0x00000006c565ded0}: 'void java.lang.invoke.DirectMethodHandle$Holder.invokeVirtual(java.lang.Object, java.lang.Object, int)'> (0x00000006c565ded0) 
thrown [s\open\src\hotspot\share\interpreter\linkResolver.cpp, line 759]
Event: 40.280 Thread 0x0000022f1f94fb70 Exception <a 'java/lang/NoSuchMethodError'{0x00000006d601d630}: 'int java.lang.invoke.DirectMethodHandle$Holder.invokeInterface(java.lang.Object, java.lang.Object)'> (0x00000006d601d630) 
thrown [s\open\src\hotspot\share\interpreter\linkResolver.cpp, line 759]
Event: 41.038 Thread 0x0000022f1f94fb70 Exception <a 'java/lang/NoSuchMethodError'{0x00000006c5a0a6d0}: 'long java.lang.invoke.DirectMethodHandle$Holder.invokeStatic(java.lang.Object, java.lang.Object)'> (0x00000006c5a0a6d0) 
thrown [s\open\src\hotspot\share\interpreter\linkResolver.cpp, line 759]

VM Operations (20 events):
Event: 34.030 Executing VM operation: G1CollectForAllocation done
Event: 35.037 Executing VM operation: Cleanup
Event: 35.038 Executing VM operation: Cleanup done
Event: 36.952 Executing VM operation: G1CollectForAllocation
Event: 36.955 Executing VM operation: G1CollectForAllocation done
Event: 37.750 Executing VM operation: HandshakeAllThreads
Event: 37.750 Executing VM operation: HandshakeAllThreads done
Event: 38.764 Executing VM operation: Cleanup
Event: 38.765 Executing VM operation: Cleanup done
Event: 39.399 Executing VM operation: G1CollectForAllocation
Event: 39.403 Executing VM operation: G1CollectForAllocation done
Event: 39.733 Executing VM operation: HandshakeAllThreads
Event: 39.733 Executing VM operation: HandshakeAllThreads done
Event: 39.782 Executing VM operation: G1CollectForAllocation
Event: 39.786 Executing VM operation: G1CollectForAllocation done
Event: 39.809 Executing VM operation: G1CollectForAllocation
Event: 39.813 Executing VM operation: G1CollectForAllocation done
Event: 40.269 Executing VM operation: G1CollectForAllocation
Event: 40.274 Executing VM operation: G1CollectForAllocation done
Event: 41.156 Executing VM operation: CollectForMetadataAllocation

Events (20 events):
Event: 40.219 loading class java/util/TreeMap$NavigableSubMap$SubMapIterator
Event: 40.219 loading class java/util/TreeMap$NavigableSubMap$SubMapIterator done
Event: 40.219 loading class java/util/TreeMap$NavigableSubMap$SubMapKeyIterator done
Event: 40.374 Thread 0x0000022f46775a20 Thread exited: 0x0000022f46775a20
Event: 41.022 loading class java/io/FileWriter
Event: 41.022 loading class java/io/FileWriter done
Event: 41.027 loading class java/net/InetAddress$CachedLocalHost
Event: 41.028 loading class java/net/InetAddress$CachedLocalHost done
Event: 41.029 loading class java/text/StringCharacterIterator
Event: 41.029 loading class java/text/CharacterIterator
Event: 41.029 loading class java/text/CharacterIterator done
Event: 41.029 loading class java/text/StringCharacterIterator done
Event: 41.033 loading class java/util/stream/Nodes$FixedNodeBuilder
Event: 41.033 loading class java/util/stream/Nodes$FixedNodeBuilder done
Event: 41.034 loading class java/util/concurrent/ConcurrentHashMap$KeySpliterator
Event: 41.034 loading class java/util/concurrent/ConcurrentHashMap$KeySpliterator done
Event: 41.077 loading class java/io/FilterReader
Event: 41.077 loading class java/io/FilterReader done
Event: 41.090 loading class javax/swing/tree/TreeNode
Event: 41.090 loading class javax/swing/tree/TreeNode done


Dynamic libraries:
0x00007ff610ec0000 - 0x00007ff610ed0000 	C:\Program Files\Java\jdk-17\bin\javaw.exe
0x00007ff9df310000 - 0x00007ff9df524000 	C:\WINDOWS\SYSTEM32\ntdll.dll
0x00007ff9de370000 - 0x00007ff9de432000 	C:\WINDOWS\System32\KERNEL32.DLL
0x00007ff9dc710000 - 0x00007ff9dcab3000 	C:\WINDOWS\System32\KERNELBASE.dll
0x00007ff9dcb40000 - 0x00007ff9dcc51000 	C:\WINDOWS\System32\ucrtbase.dll
0x00007ff9cee30000 - 0x00007ff9cee4b000 	C:\Program Files\Java\jdk-17\bin\VCRUNTIME140.dll
0x00007ff9cee50000 - 0x00007ff9cee69000 	C:\Program Files\Java\jdk-17\bin\jli.dll
0x00007ff9ddc10000 - 0x00007ff9ddcbe000 	C:\WINDOWS\System32\ADVAPI32.dll
0x00007ff9de440000 - 0x00007ff9de4e7000 	C:\WINDOWS\System32\msvcrt.dll
0x00007ff9dd5a0000 - 0x00007ff9dd644000 	C:\WINDOWS\System32\sechost.dll
0x00007ff9dd2e0000 - 0x00007ff9dd3f7000 	C:\WINDOWS\System32\RPCRT4.dll
0x00007ff9dd100000 - 0x00007ff9dd2ab000 	C:\WINDOWS\System32\USER32.dll
0x00007ff9dccd0000 - 0x00007ff9dccf6000 	C:\WINDOWS\System32\win32u.dll
0x00007ff9cf2b0000 - 0x00007ff9cf53e000 	C:\WINDOWS\WinSxS\amd64_microsoft.windows.common-controls_6595b64144ccf1df_6.0.22621.1635_none_270f70857386168e\COMCTL32.dll
0x00007ff9dea10000 - 0x00007ff9dea39000 	C:\WINDOWS\System32\GDI32.dll
0x00007ff9dcfd0000 - 0x00007ff9dd0e9000 	C:\WINDOWS\System32\gdi32full.dll
0x00007ff9dcd00000 - 0x00007ff9dcd9a000 	C:\WINDOWS\System32\msvcp_win.dll
0x00007ff9d1780000 - 0x00007ff9d178a000 	C:\WINDOWS\SYSTEM32\VERSION.dll
0x00007ff9dd500000 - 0x00007ff9dd531000 	C:\WINDOWS\System32\IMM32.DLL
0x00007ff9cee20000 - 0x00007ff9cee2c000 	C:\Program Files\Java\jdk-17\bin\vcruntime140_1.dll
0x00007ff9b33a0000 - 0x00007ff9b342e000 	C:\Program Files\Java\jdk-17\bin\msvcp140.dll
0x00007ff93d5e0000 - 0x00007ff93e1bd000 	C:\Program Files\Java\jdk-17\bin\server\jvm.dll
0x00007ff9dea00000 - 0x00007ff9dea08000 	C:\WINDOWS\System32\PSAPI.DLL
0x00007ff9cee10000 - 0x00007ff9cee19000 	C:\WINDOWS\SYSTEM32\WSOCK32.dll
0x00007ff9d2410000 - 0x00007ff9d2444000 	C:\WINDOWS\SYSTEM32\WINMM.dll
0x00007ff9de620000 - 0x00007ff9de691000 	C:\WINDOWS\System32\WS2_32.dll
0x00007ff9db850000 - 0x00007ff9db868000 	C:\WINDOWS\SYSTEM32\kernel.appcore.dll
0x00007ff9cee00000 - 0x00007ff9cee0a000 	C:\Program Files\Java\jdk-17\bin\jimage.dll
0x00007ff9d9ec0000 - 0x00007ff9da0ee000 	C:\WINDOWS\SYSTEM32\DBGHELP.DLL
0x00007ff9dd780000 - 0x00007ff9ddb09000 	C:\WINDOWS\System32\combase.dll
0x00007ff9de4f0000 - 0x00007ff9de5c7000 	C:\WINDOWS\System32\OLEAUT32.dll
0x00007ff9d0be0000 - 0x00007ff9d0c12000 	C:\WINDOWS\SYSTEM32\dbgcore.DLL
0x00007ff9dcac0000 - 0x00007ff9dcb3b000 	C:\WINDOWS\System32\bcryptPrimitives.dll
0x00007ff9ca790000 - 0x00007ff9ca7b5000 	C:\Program Files\Java\jdk-17\bin\java.dll
0x00007ff991b50000 - 0x00007ff991c27000 	C:\Program Files\Java\jdk-17\bin\jsvml.dll
0x00007ff9dea40000 - 0x00007ff9df23a000 	C:\WINDOWS\System32\SHELL32.dll
0x00007ff9da5b0000 - 0x00007ff9dae7e000 	C:\WINDOWS\SYSTEM32\windows.storage.dll
0x00007ff9daec0000 - 0x00007ff9daffe000 	C:\WINDOWS\SYSTEM32\wintypes.dll
0x00007ff9dd400000 - 0x00007ff9dd4f1000 	C:\WINDOWS\System32\SHCORE.dll
0x00007ff9de730000 - 0x00007ff9de78e000 	C:\WINDOWS\System32\shlwapi.dll
0x00007ff9dc640000 - 0x00007ff9dc661000 	C:\WINDOWS\SYSTEM32\profapi.dll
0x00007ff9cede0000 - 0x00007ff9cedf9000 	C:\Program Files\Java\jdk-17\bin\net.dll
0x00007ff9d93c0000 - 0x00007ff9d94f7000 	C:\WINDOWS\SYSTEM32\WINHTTP.dll
0x00007ff9dbcc0000 - 0x00007ff9dbd29000 	C:\WINDOWS\system32\mswsock.dll
0x00007ff9ced40000 - 0x00007ff9ced56000 	C:\Program Files\Java\jdk-17\bin\nio.dll
0x00007ff9cec50000 - 0x00007ff9cec68000 	C:\Program Files\Java\jdk-17\bin\zip.dll
0x00007ff9db330000 - 0x00007ff9db423000 	C:\WINDOWS\SYSTEM32\DNSAPI.dll
0x00007ff9db2c0000 - 0x00007ff9db2ed000 	C:\WINDOWS\SYSTEM32\IPHLPAPI.DLL
0x00007ff9dd2b0000 - 0x00007ff9dd2b9000 	C:\WINDOWS\System32\NSI.dll
0x00007ff9ce540000 - 0x00007ff9ce54a000 	C:\Windows\System32\rasadhlp.dll
0x00007ff9d0c60000 - 0x00007ff9d0ce4000 	C:\WINDOWS\System32\fwpuclnt.dll
0x00007ff9dbf20000 - 0x00007ff9dbf3b000 	C:\WINDOWS\SYSTEM32\CRYPTSP.dll
0x00007ff9db7c0000 - 0x00007ff9db7f5000 	C:\WINDOWS\system32\rsaenh.dll
0x00007ff9dbdc0000 - 0x00007ff9dbde8000 	C:\WINDOWS\SYSTEM32\USERENV.dll
0x00007ff9dc0c0000 - 0x00007ff9dc0e8000 	C:\WINDOWS\SYSTEM32\bcrypt.dll
0x00007ff9dbf40000 - 0x00007ff9dbf4c000 	C:\WINDOWS\SYSTEM32\CRYPTBASE.dll
0x00007ff9d1ad0000 - 0x00007ff9d1ae9000 	C:\WINDOWS\SYSTEM32\dhcpcsvc6.DLL
0x00007ff9d1ab0000 - 0x00007ff9d1acf000 	C:\WINDOWS\SYSTEM32\dhcpcsvc.DLL
0x00007ff9ce230000 - 0x00007ff9ce240000 	C:\Program Files\Java\jdk-17\bin\verify.dll
0x00007ff9d3170000 - 0x00007ff9d317a000 	C:\Program Files\Java\jdk-17\bin\management.dll
0x00007ff9d3150000 - 0x00007ff9d315b000 	C:\Program Files\Java\jdk-17\bin\management_ext.dll
0x00007ff9ccd40000 - 0x00007ff9ccd4d000 	C:\Program Files\Java\jdk-17\bin\sunmscapi.dll
0x00007ff9dce60000 - 0x00007ff9dcfc7000 	C:\WINDOWS\System32\CRYPT32.dll
0x00007ff9dc090000 - 0x00007ff9dc0be000 	C:\WINDOWS\SYSTEM32\ncrypt.dll
0x00007ff9dc050000 - 0x00007ff9dc087000 	C:\WINDOWS\SYSTEM32\NTASN1.dll
0x00007ff9ae7b0000 - 0x00007ff9ae7b8000 	C:\WINDOWS\system32\wshunix.dll
0x00007ff9db870000 - 0x00007ff9db8a4000 	C:\WINDOWS\SYSTEM32\ntmarta.dll
0x00007ff9b16b0000 - 0x00007ff9b16c7000 	C:\WINDOWS\system32\napinsp.dll
0x00007ff9785c0000 - 0x00007ff9785db000 	C:\WINDOWS\system32\pnrpnsp.dll
0x00007ff9785a0000 - 0x00007ff9785b1000 	C:\WINDOWS\System32\winrnr.dll
0x00007ff9d18c0000 - 0x00007ff9d18d5000 	C:\WINDOWS\system32\wshbth.dll
0x00007ff989490000 - 0x00007ff9894b1000 	C:\WINDOWS\system32\nlansp_c.dll

dbghelp: loaded successfully - version: 4.0.5 - missing functions: none
symbol engine: initialized successfully - sym options: 0x614 - pdb path: .;C:\Program Files\Java\jdk-17\bin;C:\WINDOWS\SYSTEM32;C:\WINDOWS\WinSxS\amd64_microsoft.windows.common-controls_6595b64144ccf1df_6.0.22621.1635_none_270f70857386168e;C:\Program Files\Java\jdk-17\bin\server

VM Arguments:
jvm_args: -ea -Dfile.encoding=UTF-8 -XX:+ShowCodeDetailsInExceptionMessages 
java_command: org.testng.remote.RemoteTestNG -serport 61184 -protocol json -d D:\Ashish\Eclipse\RC36.4.0\test-output C:\Users\ASHISH~1\AppData\Local\Temp\testng-eclipse-89036686\testng-customsuite.xml
java_class_path (initial): C:\Users\Ashish Das\eclipse\jee-2023-03\eclipse\configuration\org.eclipse.osgi\926\0\.cp\lib\testng-remote.jar;D:\Ashish\Eclipse\RC36.4.0\target\test-classes;D:\Ashish\Eclipse\RC36.4.0\target\classes;C:\Users\Ashish Das\.p2\pool\plugins\org.testng_7.4.0.r202105021533.jar;C:\Users\Ashish Das\.p2\pool\plugins\com.beust.jcommander_1.78.0.jar;C:\Users\Ashish Das\.p2\pool\plugins\org.apache-extras.beanshell.bsh_2.0.0.b6.jar;C:\Users\Ashish Das\.p2\pool\plugins\org.yaml.snakeyaml_1.27.0.v20221112-0806.jar;C:\Users\Ashish Das\.p2\pool\plugins\org.webjars.jquery_3.5.1.jar;C:\Users\Ashish Das\.m2\repository\org\seleniumhq\selenium\selenium-java\4.6.0\selenium-java-4.6.0.jar;C:\Users\Ashish Das\.m2\repository\org\seleniumhq\selenium\selenium-api\4.6.0\selenium-api-4.6.0.jar;C:\Users\Ashish Das\.m2\repository\org\seleniumhq\selenium\selenium-chrome-driver\4.6.0\selenium-chrome-driver-4.6.0.jar;C:\Users\Ashish Das\.m2\repository\com\google\auto\service\auto-service-annotations\1.0.1\auto-service-annotations-1.0.1.jar;C:\Users\Ashish Das\.m2\repository\com\google\auto\service\auto-service\1.0.1\auto-service-1.0.1.jar;C:\Users\Ashish Das\.m2\repository\com\google\auto\auto-common\1.2\auto-common-1.2.jar;C:\Users\Ashish Das\.m2\repository\com\google\guava\guava\31.1-jre\guava-31.1-jre.jar;C:\Users\Ashish Das\.m2\repository\com\google\guava\failureaccess\1.0.1\failureaccess-1.0.1.jar;C:\Users\Ashish Das\.m2\repository\com\google\guava\listenablefuture\9999.0-empty-to-avoid-conflict-with-guava\listenablefuture-9999.0-empty-to-avoid-conflict-with-guava.jar;C:\Users\Ashish Das\.m2\repository\com\google\code\findbugs\jsr305\3.0.2\jsr305-3.0.2.jar;C:\Users\Ashish Das\.m2\repository\org\checkerframework\checker-qual\3.12.0\checker-qual-3.12.0.jar;C:\Users\Ashish Das\.m2\repository\com\google\errorprone\error_prone_annotations\2.11.0\error_prone_annotations-2.11.0.jar;C:\Users\Ashish Das\.m2\repository\com\google\j2objc\j2objc-annotations\1.3\j2objc-annotation
Launcher Type: SUN_STANDARD

[Global flags]
     intx CICompilerCount                          = 4                                         {product} {ergonomic}
     uint ConcGCThreads                            = 2                                         {product} {ergonomic}
     uint G1ConcRefinementThreads                  = 8                                         {product} {ergonomic}
   size_t G1HeapRegionSize                         = 4194304                                   {product} {ergonomic}
    uintx GCDrainStackTargetSize                   = 64                                        {product} {ergonomic}
   size_t InitialHeapSize                          = 335544320                                 {product} {ergonomic}
   size_t MarkStackSize                            = 4194304                                   {product} {ergonomic}
   size_t MaxHeapSize                              = 5330960384                                {product} {ergonomic}
   size_t MaxNewSize                               = 3196059648                                {product} {ergonomic}
   size_t MinHeapDeltaBytes                        = 4194304                                   {product} {ergonomic}
   size_t MinHeapSize                              = 8388608                                   {product} {ergonomic}
    uintx NonNMethodCodeHeapSize                   = 5839372                                {pd product} {ergonomic}
    uintx NonProfiledCodeHeapSize                  = 122909434                              {pd product} {ergonomic}
    uintx ProfiledCodeHeapSize                     = 122909434                              {pd product} {ergonomic}
    uintx ReservedCodeCacheSize                    = 251658240                              {pd product} {ergonomic}
     bool SegmentedCodeCache                       = true                                      {product} {ergonomic}
     bool ShowCodeDetailsInExceptionMessages       = true                                   {manageable} {command line}
   size_t SoftMaxHeapSize                          = 5330960384                             {manageable} {ergonomic}
     bool UseCompressedClassPointers               = true                           {product lp64_product} {ergonomic}
     bool UseCompressedOops                        = true                           {product lp64_product} {ergonomic}
     bool UseG1GC                                  = true                                      {product} {ergonomic}
     bool UseLargePagesIndividualAllocation        = false                                  {pd product} {ergonomic}

Logging:
Log output configuration:
 #0: stdout all=warning uptime,level,tags
 #1: stderr all=off uptime,level,tags

Environment Variables:
JAVA_HOME=C:\Program Files\Java\jdk-17
PATH=C:\Program Files\Common Files\Oracle\Java\javapath;C:\Windows\system32;C:\Windows;C:\Windows\System32\Wbem;C:\Windows\System32\WindowsPowerShell\v1.0\;C:\Windows\System32\OpenSSH\;C:\Program Files (x86)\NVIDIA Corporation\PhysX\Common;C:\Program Files\NVIDIA Corporation\NVIDIA NvDLISR;C:\WINDOWS\system32;C:\WINDOWS;C:\WINDOWS\System32\Wbem;C:\WINDOWS\System32\WindowsPowerShell\v1.0\;C:\WINDOWS\System32\OpenSSH\;C:\Program Files\Java\jdk-17\bin;C:\Program Files (x86)\Microsoft SQL Server\160\Tools\Binn\;C:\Program Files\Microsoft SQL Server\160\Tools\Binn\;C:\Program Files\Microsoft SQL Server\Client SDK\ODBC\170\Tools\Binn\;C:\Program Files\Microsoft SQL Server\160\DTS\Binn\;C:\Program Files (x86)\Microsoft SQL Server\160\DTS\Binn\;C:\Program Files\Azure Data Studio\bin;C:\Program Files\Microsoft SQL Server\150\Tools\Binn\;C:\Program Files\dotnet\;C:\Users\Ashish Das\AppData\Local\Microsoft\WindowsApps;;C:\Program Files\Azure Data Studio\bin;C:\Users\Ashish Das\.dotnet\tools
USERNAME=Ashish Das
OS=Windows_NT
PROCESSOR_IDENTIFIER=Intel64 Family 6 Model 142 Stepping 11, GenuineIntel



---------------  S Y S T E M  ---------------

OS:
 Windows 11 , 64 bit Build 22621 (10.0.22621.1778)
OS uptime: 6 days 14:02 hours

CPU: total 8 (initial active 8) (4 cores per cpu, 2 threads per core) family 6 model 142 stepping 11 microcode 0xde, cx8, cmov, fxsr, ht, mmx, 3dnowpref, sse, sse2, sse3, ssse3, sse4.1, sse4.2, popcnt, lzcnt, tsc, tscinvbit, avx, avx2, aes, erms, clmul, bmi1, bmi2, adx, fma, vzeroupper, clflush, clflushopt

Memory: 4k page, system-wide physical 20325M (5253M free)
TotalPageFile size 35429M (AvailPageFile size 121M)
current process WorkingSet (physical memory assigned to process): 189M, peak: 189M
current process commit charge ("private bytes"): 237M, peak: 492M

vm_info: Java HotSpot(TM) 64-Bit Server VM (17.0.7+8-LTS-224) for windows-amd64 JRE (17.0.7+8-LTS-224), built on Feb 28 2023 23:03:02 by "mach5one" with MS VC++ 17.1 (VS2022)

END.
